This is pdfeTeX, Version 3.141592-1.21a-2.2 (Web2C 7.5.4) (format=pdflatex 2007.2.27)  13 APR 2007 20:44
entering extended mode
**\nonstopmode \input{/home/algdat/open07/diploma/mal.tex}
(/home/algdat/open07/diploma/mal.tex
(/usr/share/texmf-tetex/tex/latex/base/article.cls
Document Class: article 2004/02/16 v1.4f Standard LaTeX document class
(/usr/share/texmf-tetex/tex/latex/base/size12.clo
File: size12.clo 2004/02/16 v1.4f Standard LaTeX file (size option)
)
\c@part=\count79
\c@section=\count80
\c@subsection=\count81
\c@subsubsection=\count82
\c@paragraph=\count83
\c@subparagraph=\count84
\c@figure=\count85
\c@table=\count86
\abovecaptionskip=\skip41
\belowcaptionskip=\skip42
\bibindent=\dimen102
)
(/usr/share/texmf-tetex/tex/latex/base/inputenc.sty
Package: inputenc 2004/02/05 v1.0d Input encoding file

(/usr/share/texmf-tetex/tex/latex/base/latin1.def
File: latin1.def 2004/02/05 v1.0d Input encoding file
))
(/usr/share/texmf-tetex/tex/latex/base/fontenc.sty
Package: fontenc 2004/02/22 v1.99f Standard LaTeX package

(/usr/share/texmf-tetex/tex/latex/base/t1enc.def
File: t1enc.def 2004/02/22 v1.99f Standard LaTeX file
LaTeX Font Info:    Redeclaring font encoding T1 on input line 43.
))
(/usr/share/texmf-tetex/tex/generic/babel/babel.sty
Package: babel 2004/11/20 v3.8d The Babel package

(/usr/share/texmf-tetex/tex/generic/babel/english.ldf
Language: english 2004/06/14 v3.3o English support from the babel system

(/usr/share/texmf-tetex/tex/generic/babel/babel.def
File: babel.def 2004/11/20 v3.8d Babel common definitions
\babel@savecnt=\count87
\U@D=\dimen103
)
\l@british = a dialect from \language\l@english 
\l@UKenglish = a dialect from \language\l@english 
\l@canadian = a dialect from \language\l@american 
\l@australian = a dialect from \language\l@british 
\l@newzealand = a dialect from \language\l@british 
))
(/usr/share/texmf-tetex/tex/latex/graphics/graphicx.sty
Package: graphicx 1999/02/16 v1.0f Enhanced LaTeX Graphics (DPC,SPQR)

(/usr/share/texmf-tetex/tex/latex/graphics/keyval.sty
Package: keyval 1999/03/16 v1.13 key=value parser (DPC)
\KV@toks@=\toks14
)
(/usr/share/texmf-tetex/tex/latex/graphics/graphics.sty
Package: graphics 2001/07/07 v1.0n Standard LaTeX Graphics (DPC,SPQR)

(/usr/share/texmf-tetex/tex/latex/graphics/trig.sty
Package: trig 1999/03/16 v1.09 sin cos tan (DPC)
)
(/usr/share/texmf-tetex/tex/latex/graphics/graphics.cfg
File: graphics.cfg 2005/02/03 v1.3 graphics configuration of teTeX/TeXLive
)
Package graphics Info: Driver file: pdftex.def on input line 80.

(/usr/share/texmf-tetex/tex/latex/graphics/pdftex.def
File: pdftex.def 2002/06/19 v0.03k graphics/color for pdftex
\Gread@gobject=\count88
))
\Gin@req@height=\dimen104
\Gin@req@width=\dimen105
)
(/usr/share/texmf-tetex/tex/latex/eso-pic/eso-pic.sty
Package: eso-pic 2002/11/16 v1.1b eso-pic (RN)

(/usr/share/texmf-tetex/tex/latex/ms/everyshi.sty
Package: everyshi 2001/05/15 v3.00 EveryShipout Package (MS)
))
(/usr/share/texmf-tetex/tex/latex/anysize/anysize.sty
Package: anysize 1994/08/13 setting margin sizes

document style option `anysize' loaded
Michael Salzenberg, Thomas Esser, Dirk Hillbrecht
Version 1.0, Aug 13, 1994
\@Leftmargin=\dimen106
\@Rightmargin=\dimen107
\@Topmargin=\dimen108
\@Bottommargin=\dimen109
) (/usr/share/texmf-tetex/tex/latex/psnfss/times.sty
Package: times 2004/09/15 PSNFSS-v9.2 (SPQR) 
)
(/home/algdat/open07/diploma/mal.aux)
\openout1 = `mal.aux'.

LaTeX Font Info:    Checking defaults for OML/cmm/m/it on input line 22.
LaTeX Font Info:    ... okay on input line 22.
LaTeX Font Info:    Checking defaults for T1/cmr/m/n on input line 22.
LaTeX Font Info:    ... okay on input line 22.
LaTeX Font Info:    Checking defaults for OT1/cmr/m/n on input line 22.
LaTeX Font Info:    ... okay on input line 22.
LaTeX Font Info:    Checking defaults for OMS/cmsy/m/n on input line 22.
LaTeX Font Info:    ... okay on input line 22.
LaTeX Font Info:    Checking defaults for OMX/cmex/m/n on input line 22.
LaTeX Font Info:    ... okay on input line 22.
LaTeX Font Info:    Checking defaults for U/cmr/m/n on input line 22.
LaTeX Font Info:    ... okay on input line 22.
LaTeX Font Info:    Try loading font information for T1+ptm on input line 22.

(/usr/share/texmf-tetex/tex/latex/psnfss/t1ptm.fd
File: t1ptm.fd 2001/06/04 font definitions for T1/ptm.
)
(/usr/share/texmf-tetex/tex/context/base/supp-pdf.tex
(/usr/share/texmf-tetex/tex/context/base/supp-mis.tex
loading : Context Support Macros / Miscellaneous (2004.10.26)
\protectiondepth=\count89
\scratchcounter=\count90
\scratchtoks=\toks15
\scratchdimen=\dimen110
\scratchskip=\skip43
\scratchmuskip=\muskip10
\scratchbox=\box26
\scratchread=\read1
\scratchwrite=\write3
\zeropoint=\dimen111
\onepoint=\dimen112
\onebasepoint=\dimen113
\minusone=\count91
\thousandpoint=\dimen114
\onerealpoint=\dimen115
\emptytoks=\toks16
\nextbox=\box27
\nextdepth=\dimen116
\everyline=\toks17
\!!counta=\count92
\!!countb=\count93
\recursecounter=\count94
)
loading : Context Support Macros / PDF (2004.03.26)
\nofMPsegments=\count95
\nofMParguments=\count96
\MPscratchCnt=\count97
\MPscratchDim=\dimen117
\MPnumerator=\count98
\everyMPtoPDFconversion=\toks18
) ABD: EveryShipout initializing macros
(/usr/share/texmf-tetex/tex/latex/graphics/color.sty
Package: color 1999/02/16 v1.0i Standard LaTeX Color (DPC)
LaTeX Info: Redefining \color on input line 71.

(/usr/share/texmf-tetex/tex/latex/graphics/color.cfg
File: color.cfg 2005/02/03 v1.3 color configuration of teTeX/TeXLive
)
Package color Info: Driver file: pdftex.def on input line 125.
)
LaTeX Font Info:    Try loading font information for T1+phv on input line 24.

(/usr/share/texmf-tetex/tex/latex/psnfss/t1phv.fd
File: t1phv.fd 2001/06/04 scalable font definitions for T1/phv.
)
LaTeX Font Info:    External font `cmex10' loaded for size
(Font)              <12> on input line 31.
LaTeX Font Info:    External font `cmex10' loaded for size
(Font)              <8> on input line 31.
LaTeX Font Info:    External font `cmex10' loaded for size
(Font)              <6> on input line 31.
LaTeX Font Info:    Font shape `T1/ptm/bx/n' in size <24.88> not available
(Font)              Font shape `T1/ptm/b/n' tried instead on input line 40.
LaTeX Font Info:    Font shape `T1/phv/bx/n' in size <24.88> not available
(Font)              Font shape `T1/phv/b/n' tried instead on input line 40.

Overfull \hbox (1.23776pt too wide) in paragraph at lines 31--58
 [][] 
 []

<back.pdf, id=1, 597.23125pt x 845.1575pt>
File: back.pdf Graphic file (type pdf)
 <use back.pdf> [1

{/var/lib/texmf/fonts/map/pdftex/updmap/pdftex.map} </home/algdat/open07/diplom
a/back.pdf>]
(/home/algdat/open07/diploma/mal.aux) ) 
Here is how much of TeX's memory you used:
 1701 strings out of 94500
 20530 string characters out of 1175771
 70421 words of memory out of 1000000
 4863 multiletter control sequences out of 10000+50000
 25260 words of font info for 36 fonts, out of 500000 for 2000
 580 hyphenation exceptions out of 8191
 26i,17n,20p,268b,338s stack positions out of 1500i,500n,5000p,200000b,5000s
PDF statistics:
 19 PDF objects out of 300000
 0 named destinations out of 131072
 6 words of extra memory for PDF output out of 65536
{/usr/share/texmf-tetex/fonts/enc/dvips/
psnfss/8r.enc}</usr/share/texmf-tetex/fonts/type1/urw/helvetic/uhvb8a.pfb></usr
/share/texmf-tetex/fonts/type1/urw/helvetic/uhvr8a.pfb>
Output written on mal.pdf (1 page, 1092053 bytes).
